<?xml version="1.0" encoding="UTF-8"?>
<testng-results ignored="0" total="1" passed="1" failed="0" skipped="0">
  <reporter-output>
  </reporter-output>
  <suite started-at="2024-06-17T15:25:33 COT" name="Surefire suite" finished-at="2024-06-17T15:25:44 COT" duration-ms="10807">
    <groups>
    </groups>
    <test started-at="2024-06-17T15:25:33 COT" name="Surefire test" finished-at="2024-06-17T15:25:44 COT" duration-ms="10807">
      <class name="com.webdriver.app.FirstTest">
        <test-method is-config="true" signature="setupClass()[pri:0, instance:com.webdriver.app.FirstTest@587e5365]" started-at="2024-06-17T15:25:33 COT" name="setupClass" finished-at="2024-06-17T15:25:41 COT" duration-ms="7609" status="PASS">
          <reporter-output>
          </reporter-output>
        </test-method> <!-- setupClass -->
        <test-method signature="executingNewPage()[pri:3, instance:com.webdriver.app.FirstTest@587e5365]" started-at="2024-06-17T15:25:41 COT" name="executingNewPage" description="Chcking new activitie" finished-at="2024-06-17T15:25:44 COT" duration-ms="3008" status="PASS">
          <reporter-output>
          </reporter-output>
        </test-method> <!-- executingNewPage -->
        <test-method is-config="true" signature="teardown()[pri:0, instance:com.webdriver.app.FirstTest@587e5365]" started-at="2024-06-17T15:25:44 COT" name="teardown" finished-at="2024-06-17T15:25:44 COT" duration-ms="170" status="PASS">
          <reporter-output>
          </reporter-output>
        </test-method> <!-- teardown -->
      </class> <!-- com.webdriver.app.FirstTest -->
    </test> <!-- Surefire test -->
  </suite> <!-- Surefire suite -->
</testng-results>
